<?xml version="1.0" encoding="UTF-8"?>
<testsuite xmlns:xsi="http://www.w3.org/2001/XMLSchema-instance" xsi:noNamespaceSchemaLocation="https://maven.apache.org/surefire/maven-surefire-plugin/xsd/surefire-test-report-3.0.xsd" version="3.0" name="GameTest" time="0.068" tests="3" errors="0" skipped="0" failures="0">
  <properties>
[...]
</properties>
  <testcase name="testGameOneTurn" classname="GameTest" time="0.015"/>
  <testcase name="testGameOneAction" classname="GameTest" time="0.029"/>
  <testcase name="testGameConstructor" classname="GameTest" time="0.004"/>
</testsuite>